
> nextjs_tailwind_shadcn_ts@0.2.0 build
> next build

Γû▓ Next.js 16.1.3 (Turbopack)
- Environments: .env

  Creating an optimized production build ...
Γ£ô Compiled successfully in 40s
  Running TypeScript ...
  Collecting page data using 7 workers ...
  Generating static pages using 7 workers (0/157) ...
  Generating static pages using 7 workers (39/157) 
  Generating static pages using 7 workers (78/157) 
  Generating static pages using 7 workers (117/157) 
node.exe : Error occurred prerendering page "/verify-email". Read more: 
https://nextjs.org/docs/messages/prerender-error
At C:\Program Files\nodejs\npm.ps1:29 char:3
+   & $NODE_EXE $NPM_CLI_JS $args
+   ~~~~~~~~~~~~~~~~~~~~~~~~~~~~~
    + CategoryInfo          : NotSpecified: (Error occurred 
...prerender-error:String    ) [], RemoteException
    + FullyQualifiedErrorId : NativeCommandError
 
ReferenceError: window is not defined
    at <unknown> (E:\Projects\React\eshop\.next\server\chunks\ssr\[root-of-the-se
rver]__ad37cf44._.js:1:2725)
    at n (E:\Projects\React\eshop\.next\server\chunks\ssr\[root-of-the-server]__a
d37cf44._.js:1:2693) {
  digest: '2305087321'
}
Export encountered an error on /verify-email/page: /verify-email, exiting the 
build.
Γ¿» Next.js build worker exited with code: 1 and signal: null
