ď»ż
> nextjs_tailwind_shadcn_ts@0.2.0 build
> next build

Î“Ă»â–“ Next.js 16.1.3 (Turbopack)
- Environments: .env

  Creating an optimized production build ...
Î“ÂŁĂ´ Compiled successfully in 41s
  Running TypeScript ...
  Collecting page data using 7 workers ...
  Generating static pages using 7 workers (0/157) ...
  Generating static pages using 7 workers (39/157) 
  Generating static pages using 7 workers (78/157) 
  Generating static pages using 7 workers (117/157) 
Î“ÂŁĂ´ Generating static pages using 7 workers (157/157) in 4.5s
  Finalizing page optimization ...

Route (app)
Î“Ă¶Ă® Î“ĂąĂŻ /
Î“Ă¶ÂŁ Î“ĂąĂŻ /_not-found
Î“Ă¶ÂŁ Î“ĂąĂŻ /403
Î“Ă¶ÂŁ Î“ĂąĂŻ /about
Î“Ă¶ÂŁ Î“ĂąĂŻ /access-denied
Î“Ă¶ÂŁ Î“ĂąĂŻ /account
Î“Ă¶ÂŁ Î“ĂąĂŻ /account-locked
Î“Ă¶ÂŁ Î“ĂąĂŻ /account-reactivation
Î“Ă¶ÂŁ Î“ĂąĂŻ /account/addresses
Î“Ă¶ÂŁ Î“ĂąĂŻ /account/orders
Î“Ă¶ÂŁ â•žĂ† /account/orders/[id]
Î“Ă¶ÂŁ Î“ĂąĂŻ /account/payment-methods
Î“Ă¶ÂŁ Î“ĂąĂŻ /account/profile
Î“Ă¶ÂŁ Î“ĂąĂŻ /account/wishlist
Î“Ă¶ÂŁ Î“ĂąĂŻ /admin/ab-testing
Î“Ă¶ÂŁ Î“ĂąĂŻ /admin/algorithms
Î“Ă¶ÂŁ Î“ĂąĂŻ /admin/analytics/behavior
Î“Ă¶ÂŁ Î“ĂąĂŻ /admin/analytics/chat
Î“Ă¶ÂŁ Î“ĂąĂŻ /admin/analytics/customers
Î“Ă¶ÂŁ Î“ĂąĂŻ /admin/analytics/inventory
Î“Ă¶ÂŁ Î“ĂąĂŻ /admin/analytics/sales
Î“Ă¶ÂŁ Î“ĂąĂŻ /admin/analytics/support
Î“Ă¶ÂŁ Î“ĂąĂŻ /admin/backup
Î“Ă¶ÂŁ Î“ĂąĂŻ /admin/categories
Î“Ă¶ÂŁ Î“ĂąĂŻ /admin/chat
Î“Ă¶ÂŁ Î“ĂąĂŻ /admin/chatbot
Î“Ă¶ÂŁ Î“ĂąĂŻ /admin/dashboard
Î“Ă¶ÂŁ Î“ĂąĂŻ /admin/dynamic-pricing
Î“Ă¶ÂŁ Î“ĂąĂŻ /admin/forgot-password
Î“Ă¶ÂŁ Î“ĂąĂŻ /admin/fraud
Î“Ă¶ÂŁ Î“ĂąĂŻ /admin/home
Î“Ă¶ÂŁ Î“ĂąĂŻ /admin/inventory
Î“Ă¶ÂŁ Î“ĂąĂŻ /admin/login
Î“Ă¶ÂŁ Î“ĂąĂŻ /admin/mfa
Î“Ă¶ÂŁ Î“ĂąĂŻ /admin/orders
Î“Ă¶ÂŁ â•žĂ† /admin/orders/[id]
Î“Ă¶ÂŁ Î“ĂąĂŻ /admin/payments
Î“Ă¶ÂŁ Î“ĂąĂŻ /admin/pricing
Î“Ă¶ÂŁ Î“ĂąĂŻ /admin/products
Î“Ă¶ÂŁ Î“ĂąĂŻ /admin/recommendations
Î“Ă¶ÂŁ Î“ĂąĂŻ /admin/reports
Î“Ă¶ÂŁ Î“ĂąĂŻ /admin/reset-password
Î“Ă¶ÂŁ Î“ĂąĂŻ /admin/roles
Î“Ă¶ÂŁ Î“ĂąĂŻ /admin/session-timeout
Î“Ă¶ÂŁ Î“ĂąĂŻ /admin/settings
Î“Ă¶ÂŁ Î“ĂąĂŻ /admin/shipments
Î“Ă¶ÂŁ Î“ĂąĂŻ /admin/system
Î“Ă¶ÂŁ Î“ĂąĂŻ /admin/tickets
Î“Ă¶ÂŁ â•žĂ† /admin/tickets/[id]
Î“Ă¶ÂŁ Î“ĂąĂŻ /admin/unauthorized
Î“Ă¶ÂŁ Î“ĂąĂŻ /admin/users
Î“Ă¶ÂŁ Î“ĂąĂŻ /admin/vendors
Î“Ă¶ÂŁ Î“ĂąĂŻ /age-gate
Î“Ă¶ÂŁ â•žĂ† /api
Î“Ă¶ÂŁ â•žĂ† /api/admin/auth/forgot-password
Î“Ă¶ÂŁ â•žĂ† /api/admin/auth/login
Î“Ă¶ÂŁ â•žĂ† /api/admin/auth/mfa
Î“Ă¶ÂŁ â•žĂ† /api/admin/auth/reset-password
Î“Ă¶ÂŁ â•žĂ† /api/admin/categories
Î“Ă¶ÂŁ â•žĂ† /api/admin/inventory
Î“Ă¶ÂŁ â•žĂ† /api/admin/orders
Î“Ă¶ÂŁ â•žĂ† /api/admin/payments
Î“Ă¶ÂŁ â•žĂ† /api/admin/pricing
Î“Ă¶ÂŁ â•žĂ† /api/admin/products
Î“Ă¶ÂŁ â•žĂ† /api/admin/tickets
Î“Ă¶ÂŁ â•žĂ† /api/admin/users
Î“Ă¶ÂŁ â•žĂ† /api/age-gate
Î“Ă¶ÂŁ â•žĂ† /api/auth/captcha
Î“Ă¶ÂŁ â•žĂ† /api/auth/forgot-password
Î“Ă¶ÂŁ â•žĂ† /api/auth/login
Î“Ă¶ÂŁ â•žĂ† /api/auth/logout
Î“Ă¶ÂŁ â•žĂ† /api/auth/mfa
Î“Ă¶ÂŁ â•žĂ† /api/auth/oauth
Î“Ă¶ÂŁ â•žĂ† /api/auth/register
Î“Ă¶ÂŁ â•žĂ† /api/auth/reset-password
Î“Ă¶ÂŁ â•žĂ† /api/auth/verify-email
Î“Ă¶ÂŁ â•žĂ† /api/blog
Î“Ă¶ÂŁ â•žĂ† /api/blog/[slug]
Î“Ă¶ÂŁ â•žĂ† /api/brands
Î“Ă¶ÂŁ â•žĂ† /api/brands/[slug]
Î“Ă¶ÂŁ â•žĂ† /api/careers
Î“Ă¶ÂŁ â•žĂ† /api/cart
Î“Ă¶ÂŁ â•žĂ† /api/categories
Î“Ă¶ÂŁ â•žĂ† /api/categories/[slug]
Î“Ă¶ÂŁ â•žĂ† /api/checkout
Î“Ă¶ÂŁ â•žĂ† /api/checkout/guest
Î“Ă¶ÂŁ â•žĂ† /api/compare
Î“Ă¶ÂŁ â•žĂ† /api/compatibility
Î“Ă¶ÂŁ â•žĂ† /api/contact
Î“Ă¶ÂŁ â•žĂ† /api/deals
Î“Ă¶ÂŁ â•žĂ† /api/legal-consent
Î“Ă¶ÂŁ â•žĂ† /api/locations
Î“Ă¶ÂŁ â•žĂ† /api/newsletter
Î“Ă¶ÂŁ â•žĂ† /api/orders
Î“Ă¶ÂŁ â•žĂ† /api/orders/[id]
Î“Ă¶ÂŁ â•žĂ† /api/orders/[id]/cancel
Î“Ă¶ÂŁ â•žĂ† /api/orders/[id]/refund
Î“Ă¶ÂŁ â•žĂ† /api/orders/[id]/track
Î“Ă¶ÂŁ â•žĂ† /api/products
Î“Ă¶ÂŁ â•žĂ† /api/products/[slug]
Î“Ă¶ÂŁ â•žĂ† /api/products/[slug]/reviews
Î“Ă¶ÂŁ â•žĂ† /api/promotions
Î“Ă¶ÂŁ â•žĂ† /api/qa
Î“Ă¶ÂŁ â•žĂ† /api/reviews
Î“Ă¶ÂŁ â•žĂ† /api/reviews/[id]
Î“Ă¶ÂŁ â•žĂ† /api/save-for-later
Î“Ă¶ÂŁ â•žĂ† /api/search
Î“Ă¶ÂŁ â•žĂ† /api/session
Î“Ă¶ÂŁ â•žĂ† /api/support/tickets
Î“Ă¶ÂŁ â•žĂ† /api/support/tickets/[id]/messages
Î“Ă¶ÂŁ â•žĂ† /api/user/addresses
Î“Ă¶ÂŁ â•žĂ† /api/user/addresses/[id]
Î“Ă¶ÂŁ â•žĂ† /api/user/notifications
Î“Ă¶ÂŁ â•žĂ† /api/user/payment-methods
Î“Ă¶ÂŁ â•žĂ† /api/user/payment-methods/[id]
Î“Ă¶ÂŁ â•žĂ† /api/user/profile
Î“Ă¶ÂŁ â•žĂ† /api/wishlist
Î“Ă¶ÂŁ Î“ĂąĂŻ /best-sellers
Î“Ă¶ÂŁ Î“ĂąĂŻ /blog
Î“Ă¶ÂŁ â•žĂ† /blog/[slug]
Î“Ă¶ÂŁ â•žĂ† /brand/[slug]
Î“Ă¶ÂŁ Î“ĂąĂŻ /brands
Î“Ă¶ÂŁ Î“ĂąĂŻ /captcha
Î“Ă¶ÂŁ Î“ĂąĂŻ /careers
Î“Ă¶ÂŁ Î“ĂąĂŻ /cart
Î“Ă¶ÂŁ â•žĂ† /category/[slug]
Î“Ă¶ÂŁ Î“ĂąĂŻ /checkout/address
Î“Ă¶ÂŁ Î“ĂąĂŻ /checkout/cod-confirmation
Î“Ă¶ÂŁ Î“ĂąĂŻ /checkout/failure
Î“Ă¶ÂŁ Î“ĂąĂŻ /checkout/payment
Î“Ă¶ÂŁ Î“ĂąĂŻ /checkout/processing
Î“Ă¶ÂŁ Î“ĂąĂŻ /checkout/review
Î“Ă¶ÂŁ Î“ĂąĂŻ /checkout/shipping
Î“Ă¶ÂŁ Î“ĂąĂŻ /checkout/success
Î“Ă¶ÂŁ Î“ĂąĂŻ /compare
Î“Ă¶ÂŁ Î“ĂąĂŻ /compatibility-checker
Î“Ă¶ÂŁ Î“ĂąĂŻ /contact
Î“Ă¶ÂŁ Î“ĂąĂŻ /cookie
Î“Ă¶ÂŁ Î“ĂąĂŻ /data-load-failure
Î“Ă¶ÂŁ Î“ĂąĂŻ /deals
Î“Ă¶ÂŁ Î“ĂąĂŻ /error/500
Î“Ă¶ÂŁ Î“ĂąĂŻ /forgot-password
Î“Ă¶ÂŁ Î“ĂąĂŻ /guest-checkout
Î“Ă¶ÂŁ Î“ĂąĂŻ /help-center
Î“Ă¶ÂŁ Î“ĂąĂŻ /legal-consent
Î“Ă¶ÂŁ Î“ĂąĂŻ /locations
Î“Ă¶ÂŁ Î“ĂąĂŻ /login
Î“Ă¶ÂŁ Î“ĂąĂŻ /maintenance
Î“Ă¶ÂŁ Î“ĂąĂŻ /mfa
Î“Ă¶ÂŁ Î“ĂąĂŻ /new-arrivals
Î“Ă¶ÂŁ Î“ĂąĂŻ /newsletter
Î“Ă¶ÂŁ Î“ĂąĂŻ /not-found
Î“Ă¶ÂŁ Î“ĂąĂŻ /oauth
Î“Ă¶ÂŁ Î“ĂąĂŻ /privacy
Î“Ă¶ÂŁ â•žĂ† /product/[slug]
Î“Ă¶ÂŁ Î“ĂąĂŻ /promotions
Î“Ă¶ÂŁ Î“ĂąĂŻ /rate-limit
Î“Ă¶ÂŁ Î“ĂąĂŻ /register
Î“Ă¶ÂŁ Î“ĂąĂŻ /reset-password
Î“Ă¶ÂŁ Î“ĂąĂŻ /reset-password/success
Î“Ă¶ÂŁ Î“ĂąĂŻ /returns
Î“Ă¶ÂŁ Î“ĂąĂŻ /save-for-later
Î“Ă¶ÂŁ Î“ĂąĂŻ /search
Î“Ă¶ÂŁ Î“ĂąĂŻ /security
Î“Ă¶ÂŁ â•žĂ† /seo/[...slug]
Î“Ă¶ÂŁ â•žĂ† /seo/[slug]
Î“Ă¶ÂŁ Î“ĂąĂŻ /session-expired
Î“Ă¶ÂŁ Î“ĂąĂŻ /shipping
Î“Ă¶ÂŁ Î“ĂąĂŻ /sitemap
Î“Ă¶ÂŁ Î“ĂąĂŻ /support/chat
Î“Ă¶ÂŁ Î“ĂąĂŻ /support/chat-history
Î“Ă¶ÂŁ Î“ĂąĂŻ /support/tickets
Î“Ă¶ÂŁ â•žĂ† /support/tickets/[id]
Î“Ă¶ÂŁ Î“ĂąĂŻ /support/tickets/new
Î“Ă¶ÂŁ Î“ĂąĂŻ /terms
Î“Ă¶ÂŁ Î“ĂąĂŻ /track-order
Î“Ă¶ÂŁ Î“ĂąĂŻ /user-agreement
Î“Ă¶ÂŁ Î“ĂąĂŻ /verify-email
Î“Ă¶Ă¶ Î“ĂąĂŻ /warranty


Î“ĂąĂŻ  (Static)   prerendered as static content
â•žĂ†  (Dynamic)  server-rendered on demand

