.next/dev/types/validator.ts(233,39): error TS2306: File 'E:/Projects/React/eshop/src/app/admin/backup/page.tsx' is not a module.
.next/types/validator.ts(233,39): error TS2306: File 'E:/Projects/React/eshop/src/app/admin/backup/page.tsx' is not a module.
examples/websocket/frontend.tsx(4,20): error TS2307: Cannot find module 'socket.io-client' or its corresponding type declarations.
examples/websocket/server.ts(2,24): error TS2307: Cannot find module 'socket.io' or its corresponding type declarations.
skills/frontend-design/examples/typescript/sample-components.tsx(107,11): error TS2430: Interface 'InputProps' incorrectly extends interface 'InputHTMLAttributes<HTMLInputElement>'.
  Types of property 'size' are incompatible.
    Type '"lg" | "md" | "sm" | undefined' is not assignable to type 'number | undefined'.
      Type 'string' is not assignable to type 'number'.
skills/frontend-design/examples/typescript/theme-provider.tsx(237,54): error TS2503: Cannot find namespace 'JSX'.
src/app/admin/ab-testing/page.tsx(104,11): error TS2741: Property 'startDate' is missing in type '{ id: string; name: string; description: string; status: "draft"; type: "content"; variants: { id: string; name: string; traffic: number; conversionRate: number; participants: number; }[]; significance: number; created: string; }' but required in type 'Experiment'.
src/app/api/admin/auth/login/route.ts(62,60): error TS2769: No overload matches this call.
  Overload 1 of 2, '(password: string, hash: string): Promise<boolean>', gave the following error.
    Argument of type 'string | null' is not assignable to parameter of type 'string'.
      Type 'null' is not assignable to type 'string'.
  Overload 2 of 2, '(password: string, hash: string, callback?: Callback<boolean> | undefined, progressCallback?: ProgressCallback | undefined): void', gave the following error.
    Argument of type 'string | null' is not assignable to parameter of type 'string'.
      Type 'null' is not assignable to type 'string'.
src/app/api/auth/login/route.ts(37,60): error TS2769: No overload matches this call.
  Overload 1 of 2, '(password: string, hash: string): Promise<boolean>', gave the following error.
    Argument of type 'string | null' is not assignable to parameter of type 'string'.
      Type 'null' is not assignable to type 'string'.
  Overload 2 of 2, '(password: string, hash: string, callback?: Callback<boolean> | undefined, progressCallback?: ProgressCallback | undefined): void', gave the following error.
    Argument of type 'string | null' is not assignable to parameter of type 'string'.
      Type 'null' is not assignable to type 'string'.
src/app/api/brands/[slug]/route.ts(54,19): error TS2339: Property 'products' does not exist on type '{ name: string; id: string; createdAt: Date; updatedAt: Date; description: string | null; slug: string; logo: string | null; story: string | null; }'.
src/app/api/cart/route.ts(20,7): error TS2322: Type '{ userId: string; } | { sessionId: string | null; }' is not assignable to type 'CartWhereInput | undefined'.
  Type '{ sessionId: string | null; }' is not assignable to type 'CartWhereInput'.
    Types of property 'sessionId' are incompatible.
      Type 'string | null' is not assignable to type 'string | StringFilter<"Cart"> | undefined'.
        Type 'null' is not assignable to type 'string | StringFilter<"Cart"> | undefined'.
src/app/api/cart/route.ts(24,13): error TS2353: Object literal may only specify known properties, and 'product' does not exist in type 'CartItemInclude<DefaultArgs>'.
src/app/api/cart/route.ts(39,27): error TS2339: Property 'items' does not exist on type '{ id: string; userId: string | null; sessionId: string; createdAt: Date; updatedAt: Date; }'.
src/app/api/cart/route.ts(46,19): error TS2339: Property 'items' does not exist on type '{ id: string; userId: string | null; sessionId: string; createdAt: Date; updatedAt: Date; }'.
src/app/api/cart/route.ts(113,7): error TS2322: Type '{ userId: any; } | { sessionId: any; }' is not assignable to type 'CartWhereUniqueInput'.
  Type '{ userId: any; }' is not assignable to type 'CartWhereUniqueInput'.
    Type '{ userId: any; }' is not assignable to type '{ id: string; sessionId: string; } & { id?: string | undefined; sessionId?: string | undefined; AND?: CartWhereInput | CartWhereInput[] | undefined; ... 6 more ...; items?: CartItemListRelationFilter | undefined; }'.
      Type '{ userId: any; }' is missing the following properties from type '{ id: string; sessionId: string; }': id, sessionId
src/app/api/cart/route.ts(205,17): error TS2353: Object literal may only specify known properties, and 'product' does not exist in type 'CartItemInclude<DefaultArgs>'.
src/app/api/cart/route.ts(221,18): error TS2551: Property 'product' does not exist on type '{ id: string; createdAt: Date; updatedAt: Date; cartId: string; productId: string; productName: string; productSlug: string | null; productImage: string | null; quantity: number; unitPrice: number; totalPrice: number; }'. Did you mean 'productId'?
src/app/api/cart/route.ts(233,41): error TS2551: Property 'product' does not exist on type '{ id: string; createdAt: Date; updatedAt: Date; cartId: string; productId: string; productName: string; productSlug: string | null; productImage: string | null; quantity: number; unitPrice: number; totalPrice: number; }'. Did you mean 'productId'?
src/app/api/compatibility/route.ts(56,27): error TS2339: Property 'requirements' does not exist on type '{ compatible: boolean; compatibilityScore: number; products: any; issues: never[]; recommendations: string[]; }'.
src/app/api/compatibility/route.ts(57,27): error TS2339: Property 'allRequirementsMet' does not exist on type '{ compatible: boolean; compatibilityScore: number; products: any; issues: never[]; recommendations: string[]; }'.
src/app/api/search/route.ts(52,47): error TS2353: Object literal may only specify known properties, and 'mode' does not exist in type 'StringFilter<"Product">'.
src/app/api/search/route.ts(53,54): error TS2353: Object literal may only specify known properties, and 'mode' does not exist in type 'StringNullableFilter<"Product">'.
src/app/api/search/route.ts(65,47): error TS2353: Object literal may only specify known properties, and 'mode' does not exist in type 'StringFilter<"Product">'.
src/app/api/search/route.ts(66,54): error TS2353: Object literal may only specify known properties, and 'mode' does not exist in type 'StringNullableFilter<"Product">'.
src/app/api/search/route.ts(84,45): error TS2353: Object literal may only specify known properties, and 'mode' does not exist in type 'StringFilter<"Brand">'.
src/app/api/search/route.ts(85,52): error TS2353: Object literal may only specify known properties, and 'mode' does not exist in type 'StringNullableFilter<"Brand">'.
src/app/api/search/route.ts(99,45): error TS2353: Object literal may only specify known properties, and 'mode' does not exist in type 'StringFilter<"Category">'.
src/app/api/search/route.ts(100,52): error TS2353: Object literal may only specify known properties, and 'mode' does not exist in type 'StringNullableFilter<"Category">'.
src/app/api/wishlist/route.ts(20,9): error TS2353: Object literal may only specify known properties, and 'product' does not exist in type 'WishlistItemInclude<DefaultArgs>'.
src/app/api/wishlist/route.ts(72,7): error TS2322: Type '{ userId: any; productId: any; }' is not assignable to type 'WishlistItemWhereUniqueInput'.
  Type '{ userId: any; productId: any; }' is not assignable to type '{ id: string; userId_productId: WishlistItemUserIdProductIdCompoundUniqueInput; } & { id?: string | undefined; userId_productId?: WishlistItemUserIdProductIdCompoundUniqueInput | undefined; ... 13 more ...; user?: (Without<...> & UserWhereInput) | ... 1 more ... | undefined; }'.
    Type '{ userId: any; productId: any; }' is missing the following properties from type '{ id: string; userId_productId: WishlistItemUserIdProductIdCompoundUniqueInput; }': id, userId_productId
src/app/product/[slug]/page.tsx(740,18): error TS2322: Type '{ image: string; id: string; name: string; slug: string; description: string; price: number; comparePrice?: number | undefined; images: string[]; stock: number; sku: string; rating: number; reviewCount: number; ... 4 more ...; key: string; }' is not assignable to type 'ProductCardProps'.
  Types of property 'category' are incompatible.
    Type '{ id: string; name: string; slug: string; }' is not assignable to type 'string'.
src/app/promotions/page.tsx(129,21): error TS2322: Type '{ name: string; slug: string; price: number; originalPrice: number; discountedPrice: number; discount: any; image: string; endDate: any; type: any; flash: true; }' is not assignable to type 'IntrinsicAttributes & DealCardProps'.
  Property 'price' does not exist on type 'IntrinsicAttributes & DealCardProps'.
src/app/seo/[...slug]/page.tsx(60,37): error TS2353: Object literal may only specify known properties, and 'mode' does not exist in type 'StringFilter<"Category">'.
src/app/seo/[...slug]/page.tsx(81,39): error TS2353: Object literal may only specify known properties, and 'mode' does not exist in type 'StringFilter<"Product">'.
src/app/seo/[...slug]/page.tsx(82,46): error TS2353: Object literal may only specify known properties, and 'mode' does not exist in type 'StringNullableFilter<"Product">'.
src/app/seo/[slug]/page.tsx(265,12): error TS2304: Cannot find name 'CardHeader'.
src/app/seo/[slug]/page.tsx(267,13): error TS2304: Cannot find name 'CardHeader'.
